{
  "stats": {
    "suites": 1,
    "tests": 2,
    "passes": 0,
    "pending": 0,
    "failures": 2,
    "start": "2022-11-21T22:18:04.190Z",
    "end": "2022-11-21T22:18:19.080Z",
    "duration": 14890,
    "testsRegistered": 2,
    "passPercent": 0,
    "pendingPercent": 0,
    "other": 0,
    "hasOther": false,
    "skipped": 0,
    "hasSkipped": false
  },
  "results": [
    {
      "uuid": "e1f8d075-12a5-488f-b315-d9045d669a9c",
      "title": "",
      "fullFile": "cypress\\integration\\examples\\BDD\\ecommerce.feature",
      "file": "cypress\\integration\\examples\\BDD\\ecommerce.feature",
      "beforeHooks": [],
      "afterHooks": [],
      "tests": [],
      "suites": [
        {
          "uuid": "1a024712-bf01-48ad-b5a3-c51dc7c0fd82",
          "title": "End to end Ecommerce validation",
          "fullFile": "",
          "file": "",
          "beforeHooks": [],
          "afterHooks": [],
          "tests": [
            {
              "title": "Ecommerce products delivery",
              "fullTitle": "End to end Ecommerce validation Ecommerce products delivery",
              "timedOut": null,
              "duration": 4419,
              "state": "failed",
              "speed": null,
              "pass": false,
              "fail": true,
              "pending": false,
              "context": null,
              "code": "const state = window.testState;\nreturn cy\n  .then(() => state.onStartScenario(scenario, indexedSteps))\n  .then(() =>\n    resolveAndRunBeforeHooks.call(this, scenario.tags, state.feature.name)\n  )\n  .then(() =>\n    indexedSteps.forEach((step) =>\n      stepTest.call(this, state, step, rowData)\n    )\n  )\n  .then(() => state.onFinishScenario(scenario));",
              "err": {
                "message": "TypeError: productPage.checkOutButton is not a function",
                "estack": "TypeError: productPage.checkOutButton is not a function\n    at Context.eval (https://rahulshettyacademy.com/__cypress/tests?p=cypress\\integration\\examples\\BDD\\ecommerce.feature:68:15)\n    at Context.resolveAndRunStepDefinition (https://rahulshettyacademy.com/__cypress/tests?p=cypress\\integration\\examples\\BDD\\ecommerce.feature:12478:29)\n    at Context.eval (https://rahulshettyacademy.com/__cypress/tests?p=cypress\\integration\\examples\\BDD\\ecommerce.feature:11799:35)",
                "diff": null
              },
              "uuid": "ef49bc3d-99b8-4411-8ab0-2703e558dcaf",
              "parentUUID": "1a024712-bf01-48ad-b5a3-c51dc7c0fd82",
              "isHook": false,
              "skipped": false
            },
            {
              "title": "Filling the form to shop",
              "fullTitle": "End to end Ecommerce validation Filling the form to shop",
              "timedOut": null,
              "duration": 2398,
              "state": "failed",
              "speed": null,
              "pass": false,
              "fail": true,
              "pending": false,
              "context": null,
              "code": "const state = window.testState;\nreturn cy\n  .then(() => state.onStartScenario(scenario, indexedSteps))\n  .then(() =>\n    resolveAndRunBeforeHooks.call(this, scenario.tags, state.feature.name)\n  )\n  .then(() =>\n    indexedSteps.forEach((step) =>\n      stepTest.call(this, state, step, rowData)\n    )\n  )\n  .then(() => state.onFinishScenario(scenario));",
              "err": {
                "message": "TypeError: homePage.getEntrepreneaur is not a function",
                "estack": "TypeError: homePage.getEntrepreneaur is not a function\n    at Context.eval (https://rahulshettyacademy.com/__cypress/tests?p=cypress\\integration\\examples\\BDD\\ecommerce.feature:117:12)\n    at Context.resolveAndRunStepDefinition (https://rahulshettyacademy.com/__cypress/tests?p=cypress\\integration\\examples\\BDD\\ecommerce.feature:12478:29)\n    at Context.eval (https://rahulshettyacademy.com/__cypress/tests?p=cypress\\integration\\examples\\BDD\\ecommerce.feature:11799:35)",
                "diff": null
              },
              "uuid": "8c02a557-06c6-4693-96e1-ed4e12c42d1d",
              "parentUUID": "1a024712-bf01-48ad-b5a3-c51dc7c0fd82",
              "isHook": false,
              "skipped": false
            }
          ],
          "suites": [],
          "passes": [],
          "failures": [
            "ef49bc3d-99b8-4411-8ab0-2703e558dcaf",
            "8c02a557-06c6-4693-96e1-ed4e12c42d1d"
          ],
          "pending": [],
          "skipped": [],
          "duration": 6817,
          "root": false,
          "rootEmpty": false,
          "_timeout": 2000
        }
      ],
      "passes": [],
      "failures": [],
      "pending": [],
      "skipped": [],
      "duration": 0,
      "root": true,
      "rootEmpty": true,
      "_timeout": 2000
    }
  ],
  "meta": {
    "mocha": {
      "version": "7.0.1"
    },
    "mochawesome": {
      "options": {
        "quiet": false,
        "reportFilename": "mochawesome",
        "saveHtml": true,
        "saveJson": true,
        "consoleReporter": "spec",
        "useInlineDiffs": false,
        "code": true
      },
      "version": "7.1.3"
    },
    "marge": {
      "options": null,
      "version": "6.2.0"
    }
  }
}